[INFO  Tue Dec 24 06:30:11 2024] ...e/nvim/lazy/mason.nvim/lua/mason-core/installer/init.lua:184: Executing installer for Package(name=stylua) {}
[INFO  Tue Dec 24 06:30:11 2024] ...e/nvim/lazy/mason.nvim/lua/mason-core/installer/init.lua:184: Executing installer for Package(name=shfmt) {}
[ERROR Tue Dec 24 06:30:16 2024] ...e/nvim/lazy/mason.nvim/lua/mason-core/installer/init.lua:249: Installation failed for Package(name=stylua) error=spawn: unzip failed with exit code - and signal -. unzip is not executable
[INFO  Tue Dec 24 06:30:16 2024] ...e/nvim/lazy/mason.nvim/lua/mason-core/installer/init.lua:245: Installation succeeded for Package(name=shfmt)
[INFO  Tue Dec 24 06:32:27 2024] ...e/nvim/lazy/mason.nvim/lua/mason-core/installer/init.lua:184: Executing installer for Package(name=stylua) {}
[INFO  Tue Dec 24 06:32:27 2024] ...e/nvim/lazy/mason.nvim/lua/mason-core/installer/init.lua:184: Executing installer for Package(name=lua-language-server) {}
[ERROR Tue Dec 24 06:32:30 2024] ...e/nvim/lazy/mason.nvim/lua/mason-core/installer/init.lua:249: Installation failed for Package(name=stylua) error=spawn: unzip failed with exit code - and signal -. unzip is not executable
[INFO  Tue Dec 24 06:32:31 2024] ...e/nvim/lazy/mason.nvim/lua/mason-core/installer/init.lua:245: Installation succeeded for Package(name=lua-language-server)
[INFO  Tue Dec 24 06:52:25 2024] ...e/nvim/lazy/mason.nvim/lua/mason-core/installer/init.lua:184: Executing installer for Package(name=stylua) {}
[ERROR Tue Dec 24 06:52:29 2024] ...e/nvim/lazy/mason.nvim/lua/mason-core/installer/init.lua:249: Installation failed for Package(name=stylua) error=spawn: unzip failed with exit code - and signal -. unzip is not executable
[INFO  Tue Dec 24 06:57:47 2024] ...e/nvim/lazy/mason.nvim/lua/mason-core/installer/init.lua:184: Executing installer for Package(name=stylua) {}
[ERROR Tue Dec 24 06:57:51 2024] ...e/nvim/lazy/mason.nvim/lua/mason-core/installer/init.lua:249: Installation failed for Package(name=stylua) error=spawn: unzip failed with exit code - and signal -. unzip is not executable
[INFO  Tue Dec 24 07:01:34 2024] ...e/nvim/lazy/mason.nvim/lua/mason-core/installer/init.lua:184: Executing installer for Package(name=stylua) {}
[INFO  Tue Dec 24 07:01:34 2024] ...e/nvim/lazy/mason.nvim/lua/mason-core/installer/init.lua:184: Executing installer for Package(name=shellcheck) {}
[INFO  Tue Dec 24 07:01:34 2024] ...e/nvim/lazy/mason.nvim/lua/mason-core/installer/init.lua:184: Executing installer for Package(name=flake8) {}
[INFO  Tue Dec 24 07:01:34 2024] ...e/nvim/lazy/mason.nvim/lua/mason-core/installer/init.lua:184: Executing installer for Package(name=prettier) {}
[INFO  Tue Dec 24 07:01:39 2024] ...e/nvim/lazy/mason.nvim/lua/mason-core/installer/init.lua:184: Executing installer for Package(name=json-lsp) {}
[INFO  Tue Dec 24 07:01:39 2024] ...e/nvim/lazy/mason.nvim/lua/mason-core/installer/init.lua:245: Installation succeeded for Package(name=shellcheck)
[INFO  Tue Dec 24 07:01:40 2024] ...e/nvim/lazy/mason.nvim/lua/mason-core/installer/init.lua:184: Executing installer for Package(name=vtsls) {}
[ERROR Tue Dec 24 07:01:40 2024] ...e/nvim/lazy/mason.nvim/lua/mason-core/installer/init.lua:249: Installation failed for Package(name=stylua) error=spawn: unzip failed with exit code - and signal -. unzip is not executable
[INFO  Tue Dec 24 07:01:44 2024] ...e/nvim/lazy/mason.nvim/lua/mason-core/installer/init.lua:184: Executing installer for Package(name=pyright) {}
[INFO  Tue Dec 24 07:01:44 2024] ...e/nvim/lazy/mason.nvim/lua/mason-core/installer/init.lua:245: Installation succeeded for Package(name=flake8)
[ERROR Tue Dec 24 07:01:46 2024] ...e/nvim/lazy/mason.nvim/lua/mason-core/installer/init.lua:249: Installation failed for Package(name=prettier) error="Installation was aborted."
[ERROR Tue Dec 24 07:01:46 2024] ...e/nvim/lazy/mason.nvim/lua/mason-core/installer/init.lua:249: Installation failed for Package(name=pyright) error="Installation was aborted."
[ERROR Tue Dec 24 07:01:46 2024] ...e/nvim/lazy/mason.nvim/lua/mason-core/installer/init.lua:249: Installation failed for Package(name=json-lsp) error="Installation was aborted."
[ERROR Tue Dec 24 07:01:46 2024] ...e/nvim/lazy/mason.nvim/lua/mason-core/installer/init.lua:249: Installation failed for Package(name=vtsls) error="Installation was aborted."
[INFO  Tue Dec 24 07:05:01 2024] ...e/nvim/lazy/mason.nvim/lua/mason-core/installer/init.lua:184: Executing installer for Package(name=stylua) {}
[INFO  Tue Dec 24 07:05:01 2024] ...e/nvim/lazy/mason.nvim/lua/mason-core/installer/init.lua:184: Executing installer for Package(name=prettier) {}
[INFO  Tue Dec 24 07:05:01 2024] ...e/nvim/lazy/mason.nvim/lua/mason-core/installer/init.lua:184: Executing installer for Package(name=pyright) {}
[INFO  Tue Dec 24 07:05:01 2024] ...e/nvim/lazy/mason.nvim/lua/mason-core/installer/init.lua:184: Executing installer for Package(name=vtsls) {}
[INFO  Tue Dec 24 07:05:06 2024] ...e/nvim/lazy/mason.nvim/lua/mason-core/installer/init.lua:184: Executing installer for Package(name=json-lsp) {}
[ERROR Tue Dec 24 07:05:06 2024] ...e/nvim/lazy/mason.nvim/lua/mason-core/installer/init.lua:249: Installation failed for Package(name=stylua) error=spawn: unzip failed with exit code - and signal -. unzip is not executable
[INFO  Tue Dec 24 07:05:25 2024] ...e/nvim/lazy/mason.nvim/lua/mason-core/installer/init.lua:245: Installation succeeded for Package(name=prettier)
[INFO  Tue Dec 24 07:05:33 2024] ...e/nvim/lazy/mason.nvim/lua/mason-core/installer/init.lua:245: Installation succeeded for Package(name=vtsls)
[INFO  Tue Dec 24 07:05:55 2024] ...e/nvim/lazy/mason.nvim/lua/mason-core/installer/init.lua:245: Installation succeeded for Package(name=json-lsp)
[INFO  Tue Dec 24 07:06:09 2024] ...e/nvim/lazy/mason.nvim/lua/mason-core/installer/init.lua:245: Installation succeeded for Package(name=pyright)
[INFO  Tue Dec 24 07:09:42 2024] ...e/nvim/lazy/mason.nvim/lua/mason-core/installer/init.lua:184: Executing installer for Package(name=stylua) {}
[ERROR Tue Dec 24 07:09:46 2024] ...e/nvim/lazy/mason.nvim/lua/mason-core/installer/init.lua:249: Installation failed for Package(name=stylua) error=spawn: unzip failed with exit code - and signal -. unzip is not executable
[INFO  Tue Dec 24 07:26:49 2024] ...e/nvim/lazy/mason.nvim/lua/mason-core/installer/init.lua:184: Executing installer for Package(name=stylua) {}
[ERROR Tue Dec 24 07:26:53 2024] ...e/nvim/lazy/mason.nvim/lua/mason-core/installer/init.lua:249: Installation failed for Package(name=stylua) error=spawn: unzip failed with exit code - and signal -. unzip is not executable
